<?xml version="1.0" encoding="UTF-8"?>
<!-- Generated by org.testng.reporters.JUnitReportReporter -->
<testsuite hostname="Avirajs-MacBook-Air.local" failures="0" tests="2" name="testcasae.TC001_Login_Cred" time="83.411" errors="0" timestamp="25 Nov 2021 07:29:24 GMT">
  <testcase classname="testcasae.TC001_Login_Cred" name="porFolioPageTest" time="24.776"/>
  <testcase classname="testcasae.TC001_Login_Cred" name="loginTest" time="58.635"/>
</testsuite> <!-- testcasae.TC001_Login_Cred -->
